<?xml version="1.0" encoding="UTF-8"?>
<testsuite name="br.com.tech.challenge.servicos.FilaPedidosServiceTest" tests="2" skipped="0" failures="0" errors="0" timestamp="2023-10-30T01:51:14" hostname="L&#x90;IA" time="0.004">
  <properties/>
  <testcase name="Deve listar a fila de pedidos vazia com sucesso" classname="br.com.tech.challenge.servicos.FilaPedidosServiceTest" time="0.002"/>
  <testcase name="Deve listar a fila de pedidos com sucesso" classname="br.com.tech.challenge.servicos.FilaPedidosServiceTest" time="0.002"/>
  <system-out><![CDATA[]]></system-out>
  <system-err><![CDATA[]]></system-err>
</testsuite>
