<?xml version="1.0" encoding="UTF-8"?>
<testsuite name="br.com.tech.challenge.TechChallengeApplicationTests" tests="1" skipped="0" failures="0" errors="0" timestamp="2023-10-30T01:51:09" hostname="L&#x90;IA" time="0.372">
  <properties/>
  <testcase name="contextLoads()" classname="br.com.tech.challenge.TechChallengeApplicationTests" time="0.372"/>
  <system-out><![CDATA[22:51:02.044 [Test worker] INFO org.springframework.test.context.support.AnnotationConfigContextLoaderUtils -- Could not detect default configuration classes for test class [br.com.tech.challenge.TechChallengeApplicationTests]: TechChallengeApplicationTests does not declare any static, non-private, non-final, nested classes annotated with @Configuration.
22:51:02.176 [Test worker] INFO org.springframework.boot.test.context.SpringBootTestContextBootstrapper -- Found @SpringBootConfiguration br.com.tech.challenge.TechChallengeApplication for test class br.com.tech.challenge.TechChallengeApplicationTests
 ____        _______.  ______        ___   .___________.              .___________. _______   ______  __    __       ______  __    __       ___       __       __       _______ .__   __.   _______  _______
|___ \      /       | /  __  \      /   \  |           |              |           ||   ____| /      ||  |  |  |     /      ||  |  |  |     /   \     |  |     |  |     |   ____||  \ |  |  /  _____||   ____|
  __) |    |   (----`|  |  |  |    /  ^  \ `---|  |----`    ______    `---|  |----`|  |__   |  ,----'|  |__|  |    |  ,----'|  |__|  |    /  ^  \    |  |     |  |     |  |__   |   \|  | |  |  __  |  |__
 |__ <      \   \    |  |  |  |   /  /_\  \    |  |        |______|       |  |     |   __|  |  |     |   __   |    |  |     |   __   |   /  /_\  \   |  |     |  |     |   __|  |  . `  | |  | |_ | |   __|
 ___) | .----)   |   |  `--'  |  /  _____  \   |  |                       |  |     |  |____ |  `----.|  |  |  |    |  `----.|  |  |  |  /  _____  \  |  `----.|  `----.|  |____ |  |\   | |  |__| | |  |____
|____/  |_______/     \______/  /__/     \__\  |__|                       |__|     |_______| \______||__|  |__|     \______||__|  |__| /__/     \__\ |_______||_______||_______||__| \__|  \______| |_______|


3soat-tech_challenge 1.0.0

Built By #Dev-Rise - G8
Powered by Spring Boot 3.1.1

2023-10-29T22:51:02.764-03:00  INFO 19224 --- [    Test worker] b.c.t.c.TechChallengeApplicationTests    : Starting TechChallengeApplicationTests using Java 17.0.7 with PID 19224 (started by csttn in C:\Users\cleyt\Projetos\FIAP\Projeto\3SOAT-tech-challenge)
2023-10-29T22:51:02.766-03:00  INFO 19224 --- [    Test worker] b.c.t.c.TechChallengeApplicationTests    : No active profile set, falling back to 1 default profile: "default"
2023-10-29T22:51:03.849-03:00  INFO 19224 --- [    Test worker] .s.d.r.c.RepositoryConfigurationDelegate : Multiple Spring Data modules found, entering strict repository configuration mode
2023-10-29T22:51:03.851-03:00  INFO 19224 --- [    Test worker] .s.d.r.c.RepositoryConfigurationDelegate : Bootstrapping Spring Data JPA repositories in DEFAULT mode.
2023-10-29T22:51:04.023-03:00  INFO 19224 --- [    Test worker] .s.d.r.c.RepositoryConfigurationDelegate : Finished Spring Data repository scanning in 162 ms. Found 6 JPA repository interfaces.
2023-10-29T22:51:04.035-03:00  INFO 19224 --- [    Test worker] .s.d.r.c.RepositoryConfigurationDelegate : Multiple Spring Data modules found, entering strict repository configuration mode
2023-10-29T22:51:04.037-03:00  INFO 19224 --- [    Test worker] .s.d.r.c.RepositoryConfigurationDelegate : Bootstrapping Spring Data Redis repositories in DEFAULT mode.
2023-10-29T22:51:04.052-03:00  INFO 19224 --- [    Test worker] .RepositoryConfigurationExtensionSupport : Spring Data Redis - Could not safely identify store assignment for repository candidate interface br.com.tech.challenge.bd.repositorios.CategoriaRepository; If you want this repository to be a Redis repository, consider annotating your entities with one of these annotations: org.springframework.data.redis.core.RedisHash (preferred), or consider extending one of the following types with your repository: org.springframework.data.keyvalue.repository.KeyValueRepository
2023-10-29T22:51:04.052-03:00  INFO 19224 --- [    Test worker] .RepositoryConfigurationExtensionSupport : Spring Data Redis - Could not safely identify store assignment for repository candidate interface br.com.tech.challenge.bd.repositorios.ClienteRepository; If you want this repository to be a Redis repository, consider annotating your entities with one of these annotations: org.springframework.data.redis.core.RedisHash (preferred), or consider extending one of the following types with your repository: org.springframework.data.keyvalue.repository.KeyValueRepository
2023-10-29T22:51:04.053-03:00  INFO 19224 --- [    Test worker] .RepositoryConfigurationExtensionSupport : Spring Data Redis - Could not safely identify store assignment for repository candidate interface br.com.tech.challenge.bd.repositorios.FilaPedidosRepository; If you want this repository to be a Redis repository, consider annotating your entities with one of these annotations: org.springframework.data.redis.core.RedisHash (preferred), or consider extending one of the following types with your repository: org.springframework.data.keyvalue.repository.KeyValueRepository
2023-10-29T22:51:04.053-03:00  INFO 19224 --- [    Test worker] .RepositoryConfigurationExtensionSupport : Spring Data Redis - Could not safely identify store assignment for repository candidate interface br.com.tech.challenge.bd.repositorios.PagamentoRepository; If you want this repository to be a Redis repository, consider annotating your entities with one of these annotations: org.springframework.data.redis.core.RedisHash (preferred), or consider extending one of the following types with your repository: org.springframework.data.keyvalue.repository.KeyValueRepository
2023-10-29T22:51:04.053-03:00  INFO 19224 --- [    Test worker] .RepositoryConfigurationExtensionSupport : Spring Data Redis - Could not safely identify store assignment for repository candidate interface br.com.tech.challenge.bd.repositorios.PedidoRepository; If you want this repository to be a Redis repository, consider annotating your entities with one of these annotations: org.springframework.data.redis.core.RedisHash (preferred), or consider extending one of the following types with your repository: org.springframework.data.keyvalue.repository.KeyValueRepository
2023-10-29T22:51:04.054-03:00  INFO 19224 --- [    Test worker] .RepositoryConfigurationExtensionSupport : Spring Data Redis - Could not safely identify store assignment for repository candidate interface br.com.tech.challenge.bd.repositorios.ProdutoRepository; If you want this repository to be a Redis repository, consider annotating your entities with one of these annotations: org.springframework.data.redis.core.RedisHash (preferred), or consider extending one of the following types with your repository: org.springframework.data.keyvalue.repository.KeyValueRepository
2023-10-29T22:51:04.054-03:00  INFO 19224 --- [    Test worker] .s.d.r.c.RepositoryConfigurationDelegate : Finished Spring Data repository scanning in 8 ms. Found 0 Redis repository interfaces.
2023-10-29T22:51:04.518-03:00  INFO 19224 --- [    Test worker] o.f.c.internal.license.VersionPrinter    : Flyway Community Edition 9.8.1 by Redgate
2023-10-29T22:51:04.518-03:00  INFO 19224 --- [    Test worker] o.f.c.internal.license.VersionPrinter    : See what's new here: https://flywaydb.org/documentation/learnmore/releaseNotes#9.8.1
2023-10-29T22:51:04.518-03:00  INFO 19224 --- [    Test worker] o.f.c.internal.license.VersionPrinter    : 
2023-10-29T22:51:04.528-03:00  INFO 19224 --- [    Test worker] o.f.c.i.resource.ResourceNameValidator   : 1 SQL migrations were detected but not run because they did not follow the filename convention.
2023-10-29T22:51:04.528-03:00  INFO 19224 --- [    Test worker] o.f.c.i.resource.ResourceNameValidator   : If this is in error, enable debug logging or 'validateMigrationNaming' to fail fast and see a list of the invalid file names.
2023-10-29T22:51:04.531-03:00  INFO 19224 --- [    Test worker] com.zaxxer.hikari.HikariDataSource       : HikariPool-1 - Starting...
2023-10-29T22:51:04.709-03:00  INFO 19224 --- [    Test worker] com.zaxxer.hikari.pool.HikariPool        : HikariPool-1 - Added connection org.postgresql.jdbc.PgConnection@6b945576
2023-10-29T22:51:04.711-03:00  INFO 19224 --- [    Test worker] com.zaxxer.hikari.HikariDataSource       : HikariPool-1 - Start completed.
2023-10-29T22:51:04.734-03:00  INFO 19224 --- [    Test worker] o.f.c.i.database.base.BaseDatabaseType   : Database: jdbc:postgresql://localhost:5432/tech_challenge (PostgreSQL 15.3)
2023-10-29T22:51:04.780-03:00  INFO 19224 --- [    Test worker] o.f.core.internal.command.DbValidate     : Successfully validated 17 migrations (execution time 00:00.024s)
2023-10-29T22:51:04.793-03:00  INFO 19224 --- [    Test worker] o.f.c.i.s.JdbcTableSchemaHistory         : Creating Schema History table "public"."flyway_schema_history" ...
2023-10-29T22:51:04.843-03:00  INFO 19224 --- [    Test worker] o.f.core.internal.command.DbMigrate      : Current version of schema "public": << Empty Schema >>
2023-10-29T22:51:04.849-03:00  INFO 19224 --- [    Test worker] o.f.core.internal.command.DbMigrate      : Migrating schema "public" to version "1 - CREATE TABLE CATEGORIA"
2023-10-29T22:51:04.879-03:00  INFO 19224 --- [    Test worker] o.f.core.internal.command.DbMigrate      : Migrating schema "public" to version "2 - INSERT INTO CATEGORIA"
2023-10-29T22:51:04.897-03:00  INFO 19224 --- [    Test worker] o.f.core.internal.command.DbMigrate      : Migrating schema "public" to version "3 - CREATE TABLE CLIENTE"
2023-10-29T22:51:04.942-03:00  INFO 19224 --- [    Test worker] o.f.core.internal.command.DbMigrate      : Migrating schema "public" to version "4 - CREATE TABLE PEDIDO"
2023-10-29T22:51:04.969-03:00  INFO 19224 --- [    Test worker] o.f.core.internal.command.DbMigrate      : Migrating schema "public" to version "5 - CREATE TABLE PRODUTO"
2023-10-29T22:51:04.992-03:00  INFO 19224 --- [    Test worker] o.f.core.internal.command.DbMigrate      : Migrating schema "public" to version "6 - CREATE TABLE PEDIDO PRODUTOS"
2023-10-29T22:51:05.015-03:00  INFO 19224 --- [    Test worker] o.f.core.internal.command.DbMigrate      : Migrating schema "public" to version "7 - CREATE TABLE PAGAMENTO"
2023-10-29T22:51:05.043-03:00  INFO 19224 --- [    Test worker] o.f.c.i.s.DefaultSqlScriptExecutor       : DB: constraint "uk_sc46s3wc046ujpdoumidm4cr7" of relation "pagamento" does not exist, skipping
2023-10-29T22:51:05.065-03:00  INFO 19224 --- [    Test worker] o.f.core.internal.command.DbMigrate      : Migrating schema "public" to version "8 - CREATE VIEW FILAPEDIDOS"
2023-10-29T22:51:05.084-03:00  INFO 19224 --- [    Test worker] o.f.core.internal.command.DbMigrate      : Migrating schema "public" to version "9 - ALTER TABLE PEDIDO"
2023-10-29T22:51:05.107-03:00  INFO 19224 --- [    Test worker] o.f.core.internal.command.DbMigrate      : Migrating schema "public" to version "10 - ALTER TABLE PEDIDO 2"
2023-10-29T22:51:05.124-03:00  INFO 19224 --- [    Test worker] o.f.core.internal.command.DbMigrate      : Migrating schema "public" to version "11 - ALTER TABLE PEDIDO 3"
2023-10-29T22:51:05.138-03:00  INFO 19224 --- [    Test worker] o.f.core.internal.command.DbMigrate      : Migrating schema "public" to version "12 - ALTER VIEW FILAPEDIDOS"
2023-10-29T22:51:05.154-03:00  INFO 19224 --- [    Test worker] o.f.core.internal.command.DbMigrate      : Migrating schema "public" to version "13 - CREATE CLIENTE"
2023-10-29T22:51:05.169-03:00  INFO 19224 --- [    Test worker] o.f.core.internal.command.DbMigrate      : Migrating schema "public" to version "14 - CREATE PRODUTOS"
2023-10-29T22:51:05.184-03:00  INFO 19224 --- [    Test worker] o.f.core.internal.command.DbMigrate      : Migrating schema "public" to version "15 - CREATE PEDIDO"
2023-10-29T22:51:05.199-03:00  INFO 19224 --- [    Test worker] o.f.core.internal.command.DbMigrate      : Migrating schema "public" to version "16 - ALTER TABLE PAGAMENTO"
2023-10-29T22:51:05.234-03:00  INFO 19224 --- [    Test worker] o.f.core.internal.command.DbMigrate      : Migrating schema "public" to version "17 - ALTER VIEW FILAPEDIDOS"
2023-10-29T22:51:05.246-03:00  INFO 19224 --- [    Test worker] o.f.core.internal.command.DbMigrate      : Successfully applied 17 migrations to schema "public", now at version v17 (execution time 00:00.408s)
2023-10-29T22:51:05.329-03:00  INFO 19224 --- [    Test worker] o.hibernate.jpa.internal.util.LogHelper  : HHH000204: Processing PersistenceUnitInfo [name: default]
2023-10-29T22:51:05.397-03:00  INFO 19224 --- [    Test worker] org.hibernate.Version                    : HHH000412: Hibernate ORM core version 6.2.5.Final
2023-10-29T22:51:05.399-03:00  INFO 19224 --- [    Test worker] org.hibernate.cfg.Environment            : HHH000406: Using bytecode reflection optimizer
2023-10-29T22:51:05.559-03:00  INFO 19224 --- [    Test worker] o.h.b.i.BytecodeProviderInitiator        : HHH000021: Bytecode provider name : bytebuddy
2023-10-29T22:51:05.719-03:00  INFO 19224 --- [    Test worker] o.s.o.j.p.SpringPersistenceUnitInfo      : No LoadTimeWeaver setup: ignoring JPA class transformer
2023-10-29T22:51:06.103-03:00  INFO 19224 --- [    Test worker] o.h.b.i.BytecodeProviderInitiator        : HHH000021: Bytecode provider name : bytebuddy
2023-10-29T22:51:06.828-03:00  INFO 19224 --- [    Test worker] o.h.e.t.j.p.i.JtaPlatformInitiator       : HHH000490: Using JtaPlatform implementation: [org.hibernate.engine.transaction.jta.platform.internal.NoJtaPlatform]
2023-10-29T22:51:06.862-03:00  INFO 19224 --- [    Test worker] j.LocalContainerEntityManagerFactoryBean : Initialized JPA EntityManagerFactory for persistence unit 'default'
2023-10-29T22:51:07.500-03:00  WARN 19224 --- [    Test worker] JpaBaseConfiguration$JpaWebConfiguration : spring.jpa.open-in-view is enabled by default. Therefore, database queries may be performed during view rendering. Explicitly configure spring.jpa.open-in-view to disable this warning
2023-10-29T22:51:09.001-03:00  INFO 19224 --- [    Test worker] o.s.b.a.e.web.EndpointLinksResolver      : Exposing 1 endpoint(s) beneath base path '/actuator'
2023-10-29T22:51:09.065-03:00  INFO 19224 --- [    Test worker] b.c.t.c.TechChallengeApplicationTests    : Started TechChallengeApplicationTests in 6.678 seconds (process running for 8.152)
]]></system-out>
  <system-err><![CDATA[]]></system-err>
</testsuite>
