<?xml version="1.0" encoding="UTF-8"?>
<testsuite name="br.com.tech.challenge.utils.PasswordUtilsTest" tests="3" skipped="0" failures="0" errors="0" timestamp="2023-10-30T01:51:14" hostname="L&#x90;IA" time="0.001">
  <properties/>
  <testcase name="repetition 1 of 3" classname="br.com.tech.challenge.utils.PasswordUtilsTest" time="0.0"/>
  <testcase name="repetition 2 of 3" classname="br.com.tech.challenge.utils.PasswordUtilsTest" time="0.0"/>
  <testcase name="repetition 3 of 3" classname="br.com.tech.challenge.utils.PasswordUtilsTest" time="0.0"/>
  <system-out><![CDATA[]]></system-out>
  <system-err><![CDATA[]]></system-err>
</testsuite>
