<?xml version="1.0" encoding="UTF-8"?>
<testsuite name="br.com.tech.challenge.api.ClienteControllerTest" tests="5" skipped="0" failures="0" errors="0" timestamp="2023-10-30T01:51:11" hostname="L&#x90;IA" time="1.031">
  <properties/>
  <testcase name="Deve salvar um cliente com sucesso apenas com cpf" classname="br.com.tech.challenge.api.ClienteControllerTest" time="0.697"/>
  <testcase name="Deve lançar uma exceção ao salvar um cliente com CPF já existente" classname="br.com.tech.challenge.api.ClienteControllerTest" time="0.037"/>
  <testcase name="Deve salvar um cliente com sucesso" classname="br.com.tech.challenge.api.ClienteControllerTest" time="0.247"/>
  <testcase name="Deve lançar uma exceção ao salvar um cliente com CPF inválido" classname="br.com.tech.challenge.api.ClienteControllerTest" time="0.009"/>
  <testcase name="Deve retornar erro ao criar um cliente inválido" classname="br.com.tech.challenge.api.ClienteControllerTest" time="0.03"/>
  <system-out><![CDATA[2023-10-29T22:51:09.491-03:00  INFO 19224 --- [    Test worker] t.c.s.AnnotationConfigContextLoaderUtils : Could not detect default configuration classes for test class [br.com.tech.challenge.api.ClienteControllerTest]: ClienteControllerTest does not declare any static, non-private, non-final, nested classes annotated with @Configuration.
2023-10-29T22:51:09.503-03:00  INFO 19224 --- [    Test worker] .b.t.c.SpringBootTestContextBootstrapper : Found @SpringBootConfiguration br.com.tech.challenge.TechChallengeApplication for test class br.com.tech.challenge.api.ClienteControllerTest
 ____        _______.  ______        ___   .___________.              .___________. _______   ______  __    __       ______  __    __       ___       __       __       _______ .__   __.   _______  _______
|___ \      /       | /  __  \      /   \  |           |              |           ||   ____| /      ||  |  |  |     /      ||  |  |  |     /   \     |  |     |  |     |   ____||  \ |  |  /  _____||   ____|
  __) |    |   (----`|  |  |  |    /  ^  \ `---|  |----`    ______    `---|  |----`|  |__   |  ,----'|  |__|  |    |  ,----'|  |__|  |    /  ^  \    |  |     |  |     |  |__   |   \|  | |  |  __  |  |__
 |__ <      \   \    |  |  |  |   /  /_\  \    |  |        |______|       |  |     |   __|  |  |     |   __   |    |  |     |   __   |   /  /_\  \   |  |     |  |     |   __|  |  . `  | |  | |_ | |   __|
 ___) | .----)   |   |  `--'  |  /  _____  \   |  |                       |  |     |  |____ |  `----.|  |  |  |    |  `----.|  |  |  |  /  _____  \  |  `----.|  `----.|  |____ |  |\   | |  |__| | |  |____
|____/  |_______/     \______/  /__/     \__\  |__|                       |__|     |_______| \______||__|  |__|     \______||__|  |__| /__/     \__\ |_______||_______||_______||__| \__|  \______| |_______|


3soat-tech_challenge 1.0.0

Built By #Dev-Rise - G8
Powered by Spring Boot 3.1.1

2023-10-29T22:51:09.529-03:00  INFO 19224 --- [    Test worker] b.c.t.c.api.ClienteControllerTest        : Starting ClienteControllerTest using Java 17.0.7 with PID 19224 (started by csttn in C:\Users\cleyt\Projetos\FIAP\Projeto\3SOAT-tech-challenge)
2023-10-29T22:51:09.529-03:00  INFO 19224 --- [    Test worker] b.c.t.c.api.ClienteControllerTest        : The following 1 profile is active: "test"
2023-10-29T22:51:09.766-03:00  INFO 19224 --- [    Test worker] .s.d.r.c.RepositoryConfigurationDelegate : Multiple Spring Data modules found, entering strict repository configuration mode
2023-10-29T22:51:09.766-03:00  INFO 19224 --- [    Test worker] .s.d.r.c.RepositoryConfigurationDelegate : Bootstrapping Spring Data JPA repositories in DEFAULT mode.
2023-10-29T22:51:09.779-03:00  INFO 19224 --- [    Test worker] .s.d.r.c.RepositoryConfigurationDelegate : Finished Spring Data repository scanning in 12 ms. Found 6 JPA repository interfaces.
2023-10-29T22:51:09.782-03:00  INFO 19224 --- [    Test worker] .s.d.r.c.RepositoryConfigurationDelegate : Multiple Spring Data modules found, entering strict repository configuration mode
2023-10-29T22:51:09.782-03:00  INFO 19224 --- [    Test worker] .s.d.r.c.RepositoryConfigurationDelegate : Bootstrapping Spring Data Redis repositories in DEFAULT mode.
2023-10-29T22:51:09.785-03:00  INFO 19224 --- [    Test worker] .RepositoryConfigurationExtensionSupport : Spring Data Redis - Could not safely identify store assignment for repository candidate interface br.com.tech.challenge.bd.repositorios.CategoriaRepository; If you want this repository to be a Redis repository, consider annotating your entities with one of these annotations: org.springframework.data.redis.core.RedisHash (preferred), or consider extending one of the following types with your repository: org.springframework.data.keyvalue.repository.KeyValueRepository
2023-10-29T22:51:09.786-03:00  INFO 19224 --- [    Test worker] .RepositoryConfigurationExtensionSupport : Spring Data Redis - Could not safely identify store assignment for repository candidate interface br.com.tech.challenge.bd.repositorios.ClienteRepository; If you want this repository to be a Redis repository, consider annotating your entities with one of these annotations: org.springframework.data.redis.core.RedisHash (preferred), or consider extending one of the following types with your repository: org.springframework.data.keyvalue.repository.KeyValueRepository
2023-10-29T22:51:09.786-03:00  INFO 19224 --- [    Test worker] .RepositoryConfigurationExtensionSupport : Spring Data Redis - Could not safely identify store assignment for repository candidate interface br.com.tech.challenge.bd.repositorios.FilaPedidosRepository; If you want this repository to be a Redis repository, consider annotating your entities with one of these annotations: org.springframework.data.redis.core.RedisHash (preferred), or consider extending one of the following types with your repository: org.springframework.data.keyvalue.repository.KeyValueRepository
2023-10-29T22:51:09.786-03:00  INFO 19224 --- [    Test worker] .RepositoryConfigurationExtensionSupport : Spring Data Redis - Could not safely identify store assignment for repository candidate interface br.com.tech.challenge.bd.repositorios.PagamentoRepository; If you want this repository to be a Redis repository, consider annotating your entities with one of these annotations: org.springframework.data.redis.core.RedisHash (preferred), or consider extending one of the following types with your repository: org.springframework.data.keyvalue.repository.KeyValueRepository
2023-10-29T22:51:09.786-03:00  INFO 19224 --- [    Test worker] .RepositoryConfigurationExtensionSupport : Spring Data Redis - Could not safely identify store assignment for repository candidate interface br.com.tech.challenge.bd.repositorios.PedidoRepository; If you want this repository to be a Redis repository, consider annotating your entities with one of these annotations: org.springframework.data.redis.core.RedisHash (preferred), or consider extending one of the following types with your repository: org.springframework.data.keyvalue.repository.KeyValueRepository
2023-10-29T22:51:09.786-03:00  INFO 19224 --- [    Test worker] .RepositoryConfigurationExtensionSupport : Spring Data Redis - Could not safely identify store assignment for repository candidate interface br.com.tech.challenge.bd.repositorios.ProdutoRepository; If you want this repository to be a Redis repository, consider annotating your entities with one of these annotations: org.springframework.data.redis.core.RedisHash (preferred), or consider extending one of the following types with your repository: org.springframework.data.keyvalue.repository.KeyValueRepository
2023-10-29T22:51:09.786-03:00  INFO 19224 --- [    Test worker] .s.d.r.c.RepositoryConfigurationDelegate : Finished Spring Data repository scanning in 4 ms. Found 0 Redis repository interfaces.
2023-10-29T22:51:09.855-03:00  INFO 19224 --- [    Test worker] o.f.c.i.resource.ResourceNameValidator   : 1 SQL migrations were detected but not run because they did not follow the filename convention.
2023-10-29T22:51:09.855-03:00  INFO 19224 --- [    Test worker] o.f.c.i.resource.ResourceNameValidator   : If this is in error, enable debug logging or 'validateMigrationNaming' to fail fast and see a list of the invalid file names.
2023-10-29T22:51:09.855-03:00  INFO 19224 --- [    Test worker] com.zaxxer.hikari.HikariDataSource       : HikariPool-2 - Starting...
2023-10-29T22:51:10.134-03:00  INFO 19224 --- [    Test worker] com.zaxxer.hikari.pool.HikariPool        : HikariPool-2 - Added connection conn0: url=jdbc:h2:mem:techchallengetest user=TECH
2023-10-29T22:51:10.134-03:00  INFO 19224 --- [    Test worker] com.zaxxer.hikari.HikariDataSource       : HikariPool-2 - Start completed.
2023-10-29T22:51:10.137-03:00  INFO 19224 --- [    Test worker] o.f.c.i.database.base.BaseDatabaseType   : Database: jdbc:h2:mem:techchallengetest (H2 2.2)
2023-10-29T22:51:10.176-03:00  WARN 19224 --- [    Test worker] o.f.c.internal.database.base.Database    : Flyway upgrade recommended: H2 2.2.224 is newer than this version of Flyway and support has not been tested. The latest supported version of H2 is 2.1.214.
2023-10-29T22:51:10.189-03:00  INFO 19224 --- [    Test worker] o.f.core.internal.command.DbValidate     : Successfully validated 17 migrations (execution time 00:00.008s)
2023-10-29T22:51:10.192-03:00  INFO 19224 --- [    Test worker] o.f.c.i.s.JdbcTableSchemaHistory         : Creating Schema History table "PUBLIC"."flyway_schema_history" ...
2023-10-29T22:51:10.205-03:00  INFO 19224 --- [    Test worker] o.f.core.internal.command.DbMigrate      : Current version of schema "PUBLIC": << Empty Schema >>
2023-10-29T22:51:10.207-03:00  INFO 19224 --- [    Test worker] o.f.core.internal.command.DbMigrate      : Migrating schema "PUBLIC" to version "1 - CREATE TABLE CATEGORIA"
2023-10-29T22:51:10.215-03:00  INFO 19224 --- [    Test worker] o.f.core.internal.command.DbMigrate      : Migrating schema "PUBLIC" to version "2 - INSERT INTO CATEGORIA"
2023-10-29T22:51:10.218-03:00  INFO 19224 --- [    Test worker] o.f.core.internal.command.DbMigrate      : Migrating schema "PUBLIC" to version "3 - CREATE TABLE CLIENTE"
2023-10-29T22:51:10.222-03:00  INFO 19224 --- [    Test worker] o.f.core.internal.command.DbMigrate      : Migrating schema "PUBLIC" to version "4 - CREATE TABLE PEDIDO"
2023-10-29T22:51:10.232-03:00  INFO 19224 --- [    Test worker] o.f.core.internal.command.DbMigrate      : Migrating schema "PUBLIC" to version "5 - CREATE TABLE PRODUTO"
2023-10-29T22:51:10.237-03:00  INFO 19224 --- [    Test worker] o.f.core.internal.command.DbMigrate      : Migrating schema "PUBLIC" to version "6 - CREATE TABLE PEDIDO PRODUTOS"
2023-10-29T22:51:10.243-03:00  INFO 19224 --- [    Test worker] o.f.core.internal.command.DbMigrate      : Migrating schema "PUBLIC" to version "7 - CREATE TABLE PAGAMENTO"
2023-10-29T22:51:10.249-03:00  INFO 19224 --- [    Test worker] o.f.core.internal.command.DbMigrate      : Migrating schema "PUBLIC" to version "8 - CREATE VIEW FILAPEDIDOS"
2023-10-29T22:51:10.253-03:00  INFO 19224 --- [    Test worker] o.f.core.internal.command.DbMigrate      : Migrating schema "PUBLIC" to version "9 - ALTER TABLE PEDIDO"
2023-10-29T22:51:10.258-03:00  INFO 19224 --- [    Test worker] o.f.core.internal.command.DbMigrate      : Migrating schema "PUBLIC" to version "10 - ALTER TABLE PEDIDO 2"
2023-10-29T22:51:10.262-03:00  INFO 19224 --- [    Test worker] o.f.core.internal.command.DbMigrate      : Migrating schema "PUBLIC" to version "11 - ALTER TABLE PEDIDO 3"
2023-10-29T22:51:10.278-03:00  INFO 19224 --- [    Test worker] o.f.core.internal.command.DbMigrate      : Migrating schema "PUBLIC" to version "12 - ALTER VIEW FILAPEDIDOS"
2023-10-29T22:51:10.283-03:00  INFO 19224 --- [    Test worker] o.f.core.internal.command.DbMigrate      : Migrating schema "PUBLIC" to version "13 - CREATE CLIENTE"
2023-10-29T22:51:10.287-03:00  INFO 19224 --- [    Test worker] o.f.core.internal.command.DbMigrate      : Migrating schema "PUBLIC" to version "14 - CREATE PRODUTOS"
2023-10-29T22:51:10.293-03:00  INFO 19224 --- [    Test worker] o.f.core.internal.command.DbMigrate      : Migrating schema "PUBLIC" to version "15 - CREATE PEDIDO"
2023-10-29T22:51:10.298-03:00  INFO 19224 --- [    Test worker] o.f.core.internal.command.DbMigrate      : Migrating schema "PUBLIC" to version "16 - ALTER TABLE PAGAMENTO"
2023-10-29T22:51:10.310-03:00  INFO 19224 --- [    Test worker] o.f.core.internal.command.DbMigrate      : Migrating schema "PUBLIC" to version "17 - ALTER VIEW FILAPEDIDOS"
2023-10-29T22:51:10.313-03:00  INFO 19224 --- [    Test worker] o.f.core.internal.command.DbMigrate      : Successfully applied 17 migrations to schema "PUBLIC", now at version v17 (execution time 00:00.110s)
2023-10-29T22:51:10.335-03:00  INFO 19224 --- [    Test worker] o.hibernate.jpa.internal.util.LogHelper  : HHH000204: Processing PersistenceUnitInfo [name: default]
2023-10-29T22:51:10.342-03:00  INFO 19224 --- [    Test worker] o.h.b.i.BytecodeProviderInitiator        : HHH000021: Bytecode provider name : bytebuddy
2023-10-29T22:51:10.342-03:00  INFO 19224 --- [    Test worker] o.s.o.j.p.SpringPersistenceUnitInfo      : No LoadTimeWeaver setup: ignoring JPA class transformer
2023-10-29T22:51:10.371-03:00  INFO 19224 --- [    Test worker] o.h.b.i.BytecodeProviderInitiator        : HHH000021: Bytecode provider name : bytebuddy
2023-10-29T22:51:10.449-03:00  INFO 19224 --- [    Test worker] o.h.e.t.j.p.i.JtaPlatformInitiator       : HHH000490: Using JtaPlatform implementation: [org.hibernate.engine.transaction.jta.platform.internal.NoJtaPlatform]
Hibernate: alter table if exists pagamento alter column data_hora_pagamento set data type timestamp(6)
Hibernate: alter table if exists pedido alter column data_hora set data type timestamp(6)
2023-10-29T22:51:10.471-03:00  INFO 19224 --- [    Test worker] j.LocalContainerEntityManagerFactoryBean : Initialized JPA EntityManagerFactory for persistence unit 'default'
2023-10-29T22:51:10.571-03:00  WARN 19224 --- [    Test worker] JpaBaseConfiguration$JpaWebConfiguration : spring.jpa.open-in-view is enabled by default. Therefore, database queries may be performed during view rendering. Explicitly configure spring.jpa.open-in-view to disable this warning
2023-10-29T22:51:10.979-03:00  INFO 19224 --- [    Test worker] o.s.b.a.h2.H2ConsoleAutoConfiguration    : H2 console available at '/h2-console'. Database available at 'jdbc:h2:mem:techchallengetest'
2023-10-29T22:51:10.997-03:00  INFO 19224 --- [    Test worker] o.s.b.t.m.w.SpringBootMockServletContext : Initializing Spring TestDispatcherServlet ''
2023-10-29T22:51:10.997-03:00  INFO 19224 --- [    Test worker] o.s.t.web.servlet.TestDispatcherServlet  : Initializing Servlet ''
2023-10-29T22:51:10.999-03:00  INFO 19224 --- [    Test worker] o.s.b.a.e.web.EndpointLinksResolver      : Exposing 1 endpoint(s) beneath base path '/actuator'
2023-10-29T22:51:11.003-03:00  INFO 19224 --- [    Test worker] o.s.t.web.servlet.TestDispatcherServlet  : Completed initialization in 5 ms
2023-10-29T22:51:11.094-03:00  INFO 19224 --- [    Test worker] b.c.t.c.api.ClienteControllerTest        : Started ClienteControllerTest in 1.588 seconds (process running for 10.181)
Hibernate: select c1_0.id,c1_0.cpf,c1_0.email,c1_0.nome from cliente c1_0 where c1_0.cpf=?
Hibernate: select next value for cliente_seq
Hibernate: insert into cliente (cpf,email,nome,id) values (?,?,?,?)

MockHttpServletRequest:
      HTTP Method = POST
      Request URI = /clientes/cpf
       Parameters = {}
          Headers = [Content-Type:"application/json;charset=UTF-8", Accept:"application/json", Content-Length:"24"]
             Body = {"cpf":"136.171.130-28"}
    Session Attrs = {}

Handler:
             Type = br.com.tech.challenge.api.ClienteController
           Method = br.com.tech.challenge.api.ClienteController#saveCpf(RequestClienteCpfDTO)

Async:
    Async started = false
     Async result = null

Resolved Exception:
             Type = null

ModelAndView:
        View name = null
             View = null
            Model = null

FlashMap:
       Attributes = null

MockHttpServletResponse:
           Status = 201
    Error message = null
          Headers = [Content-Type:"application/json"]
     Content type = application/json
             Body = {"id":1,"cpf":"136.171.130-28"}
    Forwarded URL = null
   Redirected URL = null
          Cookies = []
Hibernate: select c1_0.id,c1_0.cpf,c1_0.email,c1_0.nome from cliente c1_0 where c1_0.cpf=?

MockHttpServletRequest:
      HTTP Method = POST
      Request URI = /clientes/cpf
       Parameters = {}
          Headers = [Content-Type:"application/json;charset=UTF-8", Accept:"application/json", Content-Length:"24"]
             Body = {"cpf":"667.743.160-69"}
    Session Attrs = {}

Handler:
             Type = br.com.tech.challenge.api.ClienteController
           Method = br.com.tech.challenge.api.ClienteController#saveCpf(RequestClienteCpfDTO)

Async:
    Async started = false
     Async result = null

Resolved Exception:
             Type = br.com.tech.challenge.api.exception.ClienteAlreadyExistsException

ModelAndView:
        View name = null
             View = null
            Model = null

FlashMap:
       Attributes = null

MockHttpServletResponse:
           Status = 409
    Error message = null
          Headers = [Content-Type:"application/json"]
     Content type = application/json
             Body = {"messages":null,"statusCode":409,"exceptionMessage":"Cliente já cadastrado"}
    Forwarded URL = null
   Redirected URL = null
          Cookies = []
Hibernate: select c1_0.id,c1_0.cpf,c1_0.email,c1_0.nome from cliente c1_0 where c1_0.cpf=?
Hibernate: select c1_0.id,c1_0.cpf,c1_0.email,c1_0.nome from cliente c1_0 where c1_0.id=?
Hibernate: update cliente set cpf=?,email=?,nome=? where id=?

MockHttpServletRequest:
      HTTP Method = POST
      Request URI = /clientes
       Parameters = {}
          Headers = [Content-Type:"application/json;charset=UTF-8", Accept:"application/json", Content-Length:"118"]
             Body = {"id":1,"nome":"Anthony Samuel Joaquim Teixeira","cpf":"143.025.400-95","email":"anthony.samuel.teixeira@said.adv.br"}
    Session Attrs = {}

Handler:
             Type = br.com.tech.challenge.api.ClienteController
           Method = br.com.tech.challenge.api.ClienteController#save(ClienteDTO)

Async:
    Async started = false
     Async result = null

Resolved Exception:
             Type = null

ModelAndView:
        View name = null
             View = null
            Model = null

FlashMap:
       Attributes = null

MockHttpServletResponse:
           Status = 201
    Error message = null
          Headers = [Content-Type:"application/json"]
     Content type = application/json
             Body = {"id":1,"nome":"Anthony Samuel Joaquim Teixeira","cpf":"143.025.400-95","email":"anthony.samuel.teixeira@said.adv.br"}
    Forwarded URL = null
   Redirected URL = null
          Cookies = []

MockHttpServletRequest:
      HTTP Method = POST
      Request URI = /clientes/cpf
       Parameters = {}
          Headers = [Content-Type:"application/json;charset=UTF-8", Accept:"application/json", Content-Length:"22"]
             Body = {"cpf":"cpf_invalido"}
    Session Attrs = {}

Handler:
             Type = br.com.tech.challenge.api.ClienteController
           Method = br.com.tech.challenge.api.ClienteController#saveCpf(RequestClienteCpfDTO)

Async:
    Async started = false
     Async result = null

Resolved Exception:
             Type = br.com.tech.challenge.api.exception.InvalidCpfException

ModelAndView:
        View name = null
             View = null
            Model = null

FlashMap:
       Attributes = null

MockHttpServletResponse:
           Status = 400
    Error message = null
          Headers = [Content-Type:"application/json"]
     Content type = application/json
             Body = {"messages":null,"statusCode":400,"exceptionMessage":"O CPF deve conter 11 dígitos numéricos."}
    Forwarded URL = null
   Redirected URL = null
          Cookies = []

MockHttpServletRequest:
      HTTP Method = POST
      Request URI = /clientes
       Parameters = {}
          Headers = [Content-Type:"application/json;charset=UTF-8", Accept:"application/json", Content-Length:"73"]
             Body = {"id":1,"nome":"","cpf":"","email":"anthony.samuel.teixeira@said.adv.br"}
    Session Attrs = {}

Handler:
             Type = br.com.tech.challenge.api.ClienteController
           Method = br.com.tech.challenge.api.ClienteController#save(ClienteDTO)

Async:
    Async started = false
     Async result = null

Resolved Exception:
             Type = org.springframework.web.bind.MethodArgumentNotValidException

ModelAndView:
        View name = null
             View = null
            Model = null

FlashMap:
       Attributes = null

MockHttpServletResponse:
           Status = 400
    Error message = null
          Headers = [Content-Type:"application/json"]
     Content type = application/json
             Body = {"messages":["Nome deve ter entre 3 e 200 caracteres","CPF deve ser válido e no formato ###.###.###-##"],"statusCode":400,"exceptionMessage":"Validation failed for argument [0] in public org.springframework.http.ResponseEntity<br.com.tech.challenge.domain.dto.ClienteDTO> br.com.tech.challenge.api.ClienteController.save(br.com.tech.challenge.domain.dto.ClienteDTO) with 2 errors: [Field error in object 'clienteDTO' on field 'nome': rejected value []; codes [Size.clienteDTO.nome,Size.nome,Size.java.lang.String,Size]; arguments [org.springframework.context.support.DefaultMessageSourceResolvable: codes [clienteDTO.nome,nome]; arguments []; default message [nome],200,3]; default message [Nome deve ter entre 3 e 200 caracteres]] [Field error in object 'clienteDTO' on field 'cpf': rejected value []; codes [CPF.clienteDTO.cpf,CPF.cpf,CPF.java.lang.String,CPF]; arguments [org.springframework.context.support.DefaultMessageSourceResolvable: codes [clienteDTO.cpf,cpf]; arguments []; default message [cpf]]; default message [CPF deve ser válido e no formato ###.###.###-##]] "}
    Forwarded URL = null
   Redirected URL = null
          Cookies = []
2023-10-29T22:51:12.314-03:00  INFO 19224 --- [    Test worker] o.f.c.i.resource.ResourceNameValidator   : 1 SQL migrations were detected but not run because they did not follow the filename convention.
2023-10-29T22:51:12.315-03:00  INFO 19224 --- [    Test worker] o.f.c.i.resource.ResourceNameValidator   : If this is in error, enable debug logging or 'validateMigrationNaming' to fail fast and see a list of the invalid file names.
2023-10-29T22:51:12.319-03:00  WARN 19224 --- [    Test worker] o.f.c.internal.database.base.Database    : Flyway upgrade recommended: H2 2.2.224 is newer than this version of Flyway and support has not been tested. The latest supported version of H2 is 2.1.214.
2023-10-29T22:51:12.329-03:00  INFO 19224 --- [    Test worker] o.f.core.internal.command.DbClean        : Successfully dropped pre-schema database level objects (execution time 00:00.000s)
2023-10-29T22:51:12.339-03:00  INFO 19224 --- [    Test worker] o.f.core.internal.command.DbClean        : Successfully cleaned schema "PUBLIC" (execution time 00:00.009s)
2023-10-29T22:51:12.341-03:00  INFO 19224 --- [    Test worker] o.f.core.internal.command.DbClean        : Successfully cleaned schema "PUBLIC" (execution time 00:00.001s)
2023-10-29T22:51:12.342-03:00  INFO 19224 --- [    Test worker] o.f.core.internal.command.DbClean        : Successfully dropped post-schema database level objects (execution time 00:00.000s)
2023-10-29T22:51:12.343-03:00  INFO 19224 --- [    Test worker] o.f.c.i.resource.ResourceNameValidator   : 1 SQL migrations were detected but not run because they did not follow the filename convention.
2023-10-29T22:51:12.344-03:00  INFO 19224 --- [    Test worker] o.f.c.i.resource.ResourceNameValidator   : If this is in error, enable debug logging or 'validateMigrationNaming' to fail fast and see a list of the invalid file names.
2023-10-29T22:51:12.346-03:00  WARN 19224 --- [    Test worker] o.f.c.internal.database.base.Database    : Flyway upgrade recommended: H2 2.2.224 is newer than this version of Flyway and support has not been tested. The latest supported version of H2 is 2.1.214.
2023-10-29T22:51:12.361-03:00  INFO 19224 --- [    Test worker] o.f.core.internal.command.DbValidate     : Successfully validated 17 migrations (execution time 00:00.013s)
2023-10-29T22:51:12.363-03:00  INFO 19224 --- [    Test worker] o.f.c.i.s.JdbcTableSchemaHistory         : Creating Schema History table "PUBLIC"."flyway_schema_history" ...
2023-10-29T22:51:12.373-03:00  INFO 19224 --- [    Test worker] o.f.core.internal.command.DbMigrate      : Current version of schema "PUBLIC": << Empty Schema >>
2023-10-29T22:51:12.376-03:00  INFO 19224 --- [    Test worker] o.f.core.internal.command.DbMigrate      : Migrating schema "PUBLIC" to version "1 - CREATE TABLE CATEGORIA"
2023-10-29T22:51:12.383-03:00  INFO 19224 --- [    Test worker] o.f.core.internal.command.DbMigrate      : Migrating schema "PUBLIC" to version "2 - INSERT INTO CATEGORIA"
2023-10-29T22:51:12.391-03:00  INFO 19224 --- [    Test worker] o.f.core.internal.command.DbMigrate      : Migrating schema "PUBLIC" to version "3 - CREATE TABLE CLIENTE"
2023-10-29T22:51:12.398-03:00  INFO 19224 --- [    Test worker] o.f.core.internal.command.DbMigrate      : Migrating schema "PUBLIC" to version "4 - CREATE TABLE PEDIDO"
2023-10-29T22:51:12.408-03:00  INFO 19224 --- [    Test worker] o.f.core.internal.command.DbMigrate      : Migrating schema "PUBLIC" to version "5 - CREATE TABLE PRODUTO"
2023-10-29T22:51:12.416-03:00  INFO 19224 --- [    Test worker] o.f.core.internal.command.DbMigrate      : Migrating schema "PUBLIC" to version "6 - CREATE TABLE PEDIDO PRODUTOS"
2023-10-29T22:51:12.426-03:00  INFO 19224 --- [    Test worker] o.f.core.internal.command.DbMigrate      : Migrating schema "PUBLIC" to version "7 - CREATE TABLE PAGAMENTO"
2023-10-29T22:51:12.434-03:00  INFO 19224 --- [    Test worker] o.f.core.internal.command.DbMigrate      : Migrating schema "PUBLIC" to version "8 - CREATE VIEW FILAPEDIDOS"
2023-10-29T22:51:12.440-03:00  INFO 19224 --- [    Test worker] o.f.core.internal.command.DbMigrate      : Migrating schema "PUBLIC" to version "9 - ALTER TABLE PEDIDO"
2023-10-29T22:51:12.444-03:00  INFO 19224 --- [    Test worker] o.f.core.internal.command.DbMigrate      : Migrating schema "PUBLIC" to version "10 - ALTER TABLE PEDIDO 2"
2023-10-29T22:51:12.450-03:00  INFO 19224 --- [    Test worker] o.f.core.internal.command.DbMigrate      : Migrating schema "PUBLIC" to version "11 - ALTER TABLE PEDIDO 3"
2023-10-29T22:51:12.465-03:00  INFO 19224 --- [    Test worker] o.f.core.internal.command.DbMigrate      : Migrating schema "PUBLIC" to version "12 - ALTER VIEW FILAPEDIDOS"
2023-10-29T22:51:12.473-03:00  INFO 19224 --- [    Test worker] o.f.core.internal.command.DbMigrate      : Migrating schema "PUBLIC" to version "13 - CREATE CLIENTE"
2023-10-29T22:51:12.478-03:00  INFO 19224 --- [    Test worker] o.f.core.internal.command.DbMigrate      : Migrating schema "PUBLIC" to version "14 - CREATE PRODUTOS"
2023-10-29T22:51:12.483-03:00  INFO 19224 --- [    Test worker] o.f.core.internal.command.DbMigrate      : Migrating schema "PUBLIC" to version "15 - CREATE PEDIDO"
2023-10-29T22:51:12.489-03:00  INFO 19224 --- [    Test worker] o.f.core.internal.command.DbMigrate      : Migrating schema "PUBLIC" to version "16 - ALTER TABLE PAGAMENTO"
2023-10-29T22:51:12.502-03:00  INFO 19224 --- [    Test worker] o.f.core.internal.command.DbMigrate      : Migrating schema "PUBLIC" to version "17 - ALTER VIEW FILAPEDIDOS"
2023-10-29T22:51:12.507-03:00  INFO 19224 --- [    Test worker] o.f.core.internal.command.DbMigrate      : Successfully applied 17 migrations to schema "PUBLIC", now at version v17 (execution time 00:00.135s)
]]></system-out>
  <system-err><![CDATA[]]></system-err>
</testsuite>
