<?xml version="1.0" encoding="UTF-8"?>
<testsuite name="br.com.tech.challenge.servicos.PedidoServiceTest" tests="8" skipped="0" failures="0" errors="0" timestamp="2023-10-30T01:51:14" hostname="L&#x90;IA" time="0.097">
  <properties/>
  <testcase name="Nao deve atualizar status do pedido quando for CANCELADO" classname="br.com.tech.challenge.servicos.PedidoServiceTest" time="0.002"/>
  <testcase name="Deve criar um pedido com sucesso" classname="br.com.tech.challenge.servicos.PedidoServiceTest" time="0.002"/>
  <testcase name="Deve lançar exceção ao criar um pedido com cliente não encontrado" classname="br.com.tech.challenge.servicos.PedidoServiceTest" time="0.001"/>
  <testcase name="Deve retornar uma lista paginada de pedidos quando existem pedidos" classname="br.com.tech.challenge.servicos.PedidoServiceTest" time="0.079"/>
  <testcase name="Deve criar pedido sem informar cliente" classname="br.com.tech.challenge.servicos.PedidoServiceTest" time="0.002"/>
  <testcase name="Deve lançar exceção ao criar um pedido com lista de produtos vazia" classname="br.com.tech.challenge.servicos.PedidoServiceTest" time="0.0"/>
  <testcase name="Deve retornar uma lista vazia de pedidos quando não houver pedidos" classname="br.com.tech.challenge.servicos.PedidoServiceTest" time="0.001"/>
  <testcase name="Deve lançar exceção ao criar um pedido com produto não encontrado" classname="br.com.tech.challenge.servicos.PedidoServiceTest" time="0.001"/>
  <system-out><![CDATA[]]></system-out>
  <system-err><![CDATA[]]></system-err>
</testsuite>
